2019-02-28 10:28:45 INFO - Neither @ContextConfiguration nor @ContextHierarchy found for test class [rtl.tot.corp.mrex.prcn.price.catalog.cmd.mrexprcnpricecatalogcmd.MrexPrcnPriceCatalogCmdApplicationTests], using SpringBootContextLoader - txEpd= txRef= cmRef= nodeRef= usrTx= rhsRef= commerce= country= 
2019-02-28 10:28:45 INFO - Could not detect default resource locations for test class [rtl.tot.corp.mrex.prcn.price.catalog.cmd.mrexprcnpricecatalogcmd.MrexPrcnPriceCatalogCmdApplicationTests]: no resource found for suffixes {-context.xml, Context.groovy}. - txEpd= txRef= cmRef= nodeRef= usrTx= rhsRef= commerce= country= 
2019-02-28 10:28:45 INFO - Could not detect default configuration classes for test class [rtl.tot.corp.mrex.prcn.price.catalog.cmd.mrexprcnpricecatalogcmd.MrexPrcnPriceCatalogCmdApplicationTests]: MrexPrcnPriceCatalogCmdApplicationTests does not declare any static, non-private, non-final, nested classes annotated with @Configuration. - txEpd= txRef= cmRef= nodeRef= usrTx= rhsRef= commerce= country= 
2019-02-28 10:28:46 INFO - Found @SpringBootConfiguration rtl.tot.corp.mrex.prcn.price.catalog.cmd.mrexprcnpricecatalogcmd.MrexPrcnPriceCatalogCmdApplication for test class rtl.tot.corp.mrex.prcn.price.catalog.cmd.mrexprcnpricecatalogcmd.MrexPrcnPriceCatalogCmdApplicationTests - txEpd= txRef= cmRef= nodeRef= usrTx= rhsRef= commerce= country= 
2019-02-28 10:28:46 INFO - Loaded default TestExecutionListener class names from location [META-INF/spring.factories]: [org.springframework.test.context.web.ServletTestExecutionListener, org.springframework.test.context.support.DirtiesContextBeforeModesTestExecutionListener, org.springframework.test.context.support.DependencyInjectionTestExecutionListener, org.springframework.test.context.support.DirtiesContextTestExecutionListener, org.springframework.test.context.transaction.TransactionalTestExecutionListener, org.springframework.test.context.jdbc.SqlScriptsTestExecutionListener, org.springframework.boot.test.autoconfigure.restdocs.RestDocsTestExecutionListener, org.springframework.boot.test.autoconfigure.web.client.MockRestServiceServerResetTestExecutionListener, org.springframework.boot.test.autoconfigure.web.servlet.MockMvcPrintOnlyOnFailureTestExecutionListener, org.springframework.boot.test.autoconfigure.web.servlet.WebDriverTestExecutionListener, org.springframework.boot.test.mock.mockito.MockitoTestExecutionListener, org.springframework.boot.test.mock.mockito.ResetMocksTestExecutionListener] - txEpd= txRef= cmRef= nodeRef= usrTx= rhsRef= commerce= country= 
2019-02-28 10:28:46 INFO - Using TestExecutionListeners: [org.springframework.test.context.web.ServletTestExecutionListener@5ff9accd, org.springframework.test.context.support.DirtiesContextBeforeModesTestExecutionListener@654f604a, org.springframework.boot.test.mock.mockito.MockitoTestExecutionListener@12ce2458, org.springframework.boot.test.autoconfigure.SpringBootDependencyInjectionTestExecutionListener@575e7b9b, org.springframework.test.context.support.DirtiesContextTestExecutionListener@45d33a79, org.springframework.test.context.transaction.TransactionalTestExecutionListener@5b005fb9, org.springframework.test.context.jdbc.SqlScriptsTestExecutionListener@380f5c65, org.springframework.boot.test.autoconfigure.restdocs.RestDocsTestExecutionListener@1ca96a5c, org.springframework.boot.test.autoconfigure.web.client.MockRestServiceServerResetTestExecutionListener@40f58b42, org.springframework.boot.test.autoconfigure.web.servlet.MockMvcPrintOnlyOnFailureTestExecutionListener@1951f972, org.springframework.boot.test.autoconfigure.web.servlet.WebDriverTestExecutionListener@5b7f7249, org.springframework.boot.test.mock.mockito.ResetMocksTestExecutionListener@c5308f0] - txEpd= txRef= cmRef= nodeRef= usrTx= rhsRef= commerce= country= 
2019-02-28 10:28:48 WARN - 

Found multiple occurrences of org.json.JSONObject on the class path:

	jar:file:/C:/Users/ext_lavergarav/.gradle/caches/modules-2/files-2.1/org.json/json/20171018/36ced462c97f0845b4a7b266a25cebe95d18baa3/json-20171018.jar!/org/json/JSONObject.class
	jar:file:/C:/Users/ext_lavergarav/.gradle/caches/modules-2/files-2.1/com.vaadin.external.google/android-json/0.0.20131108.vaadin1/fa26d351fe62a6a17f5cda1287c1c6110dec413f/android-json-0.0.20131108.vaadin1.jar!/org/json/JSONObject.class

You may wish to exclude one of them to ensure predictable runtime behavior
 - txEpd= txRef= cmRef= nodeRef= usrTx= rhsRef= commerce= country= 
2019-02-28 10:28:48 INFO - Starting MrexPrcnPriceCatalogCmdApplicationTests on MOEXT_LAVER with PID 19972 (started by ext_lavergarav in C:\addesa\API\Peru\Tottus\Orion\Desarrollo\Price\commnad\mrex-prcn-price-catalog-cmd) - txEpd= txRef= cmRef= nodeRef= usrTx= rhsRef= commerce= country= 
2019-02-28 10:28:48 INFO - No active profile set, falling back to default profiles: default - txEpd= txRef= cmRef= nodeRef= usrTx= rhsRef= commerce= country= 
2019-02-28 10:28:48 INFO - Refreshing org.springframework.web.context.support.GenericWebApplicationContext@75f3b449: startup date [Thu Feb 28 10:28:48 CLST 2019]; root of context hierarchy - txEpd= txRef= cmRef= nodeRef= usrTx= rhsRef= commerce= country= 
2019-02-28 10:28:53 INFO - Creating MessagingFactory to namespace 'sb://tot-corp-orion-int-qa.servicebus.windows.net/' - txEpd= txRef= cmRef= nodeRef= usrTx= rhsRef= commerce= country= 
2019-02-28 10:28:53 INFO - Creating messaging factory from namespace endpoint uri 'sb://tot-corp-orion-int-qa.servicebus.windows.net/' - txEpd= txRef= cmRef= nodeRef= usrTx= rhsRef= commerce= country= 
2019-02-28 10:28:53 INFO - Creating and starting reactor - txEpd= txRef= cmRef= nodeRef= usrTx= rhsRef= commerce= country= 
2019-02-28 10:28:53 INFO - Started reactor - txEpd= txRef= cmRef= nodeRef= usrTx= rhsRef= commerce= country= 
2019-02-28 10:28:53 INFO - starting reactor instance. - txEpd= txRef= cmRef= nodeRef= usrTx= rhsRef= commerce= country= 
2019-02-28 10:28:53 INFO - Creating connection to host 'tot-corp-orion-int-qa.servicebus.windows.net:5671' - txEpd= txRef= cmRef= nodeRef= usrTx= rhsRef= commerce= country= 
2019-02-28 10:28:56 INFO - MessagingFactory opened. - txEpd= txRef= cmRef= nodeRef= usrTx= rhsRef= commerce= country= 
2019-02-28 10:28:56 INFO - Connection opened to host. - txEpd= txRef= cmRef= nodeRef= usrTx= rhsRef= commerce= country= 
2019-02-28 10:28:56 INFO - Created MessagingFactory to namespace 'sb://tot-corp-orion-int-qa.servicebus.windows.net/' - txEpd= txRef= cmRef= nodeRef= usrTx= rhsRef= commerce= country= 
2019-02-28 10:28:56 INFO - Creating MessageSender to entity 'tot-corp-orion-pricechanges-topic-mid' - txEpd= txRef= cmRef= nodeRef= usrTx= rhsRef= commerce= country= 
2019-02-28 10:28:56 INFO - Creating CBS link to $cbs - txEpd= txRef= cmRef= nodeRef= usrTx= rhsRef= commerce= country= 
2019-02-28 10:28:56 INFO - Creating core message sender to 'tot-corp-orion-pricechanges-topic-mid' - txEpd= txRef= cmRef= nodeRef= usrTx= rhsRef= commerce= country= 
2019-02-28 10:28:56 INFO - Opened requestresponselink to $cbs - txEpd= txRef= cmRef= nodeRef= usrTx= rhsRef= commerce= country= 
2019-02-28 10:28:56 INFO - Created CBS link to $cbs - txEpd= txRef= cmRef= nodeRef= usrTx= rhsRef= commerce= country= 
2019-02-28 10:28:56 INFO - Creating send link to 'tot-corp-orion-pricechanges-topic-mid' - txEpd= txRef= cmRef= nodeRef= usrTx= rhsRef= commerce= country= 
2019-02-28 10:28:57 INFO - Opened send link to 'tot-corp-orion-pricechanges-topic-mid' - txEpd= txRef= cmRef= nodeRef= usrTx= rhsRef= commerce= country= 
2019-02-28 10:28:57 INFO - Created MessageSender to entity 'tot-corp-orion-pricechanges-topic-mid' - txEpd= txRef= cmRef= nodeRef= usrTx= rhsRef= commerce= country= 
2019-02-28 10:28:57 INFO - Created topic client to connection string 'Endpoint=sb://tot-corp-orion-int-qa.servicebus.windows.net/;EntityPath=tot-corp-orion-pricechanges-topic-mid;' - txEpd= txRef= cmRef= nodeRef= usrTx= rhsRef= commerce= country= 
2019-02-28 10:28:58 INFO - Mapped "{[/mrex/pctm/v1.0/price-catalog],methods=[POST]}" onto public org.springframework.http.ResponseEntity<rtl.tot.corp.mrex.prcn.price.catalog.cmd.mrexprcnpricecatalogcmd.infraestructure.adapters.http.rest.domain.APIResponse> rtl.tot.corp.mrex.prcn.price.catalog.cmd.mrexprcnpricecatalogcmd.controllers.PriceController.createProduct(rtl.tot.corp.mrex.prcn.price.catalog.cmd.mrexprcnpricecatalogcmd.infraestructure.adapters.http.rest.domain.Price) - txEpd= txRef= cmRef= nodeRef= usrTx= rhsRef= commerce= country= 
2019-02-28 10:28:58 INFO - Mapped "{[/swagger-resources]}" onto public org.springframework.http.ResponseEntity<java.util.List<springfox.documentation.swagger.web.SwaggerResource>> springfox.documentation.swagger.web.ApiResourceController.swaggerResources() - txEpd= txRef= cmRef= nodeRef= usrTx= rhsRef= commerce= country= 
2019-02-28 10:28:58 INFO - Mapped "{[/swagger-resources/configuration/ui]}" onto public org.springframework.http.ResponseEntity<springfox.documentation.swagger.web.UiConfiguration> springfox.documentation.swagger.web.ApiResourceController.uiConfiguration() - txEpd= txRef= cmRef= nodeRef= usrTx= rhsRef= commerce= country= 
2019-02-28 10:28:58 INFO - Mapped "{[/swagger-resources/configuration/security]}" onto public org.springframework.http.ResponseEntity<springfox.documentation.swagger.web.SecurityConfiguration> springfox.documentation.swagger.web.ApiResourceController.securityConfiguration() - txEpd= txRef= cmRef= nodeRef= usrTx= rhsRef= commerce= country= 
2019-02-28 10:28:58 INFO - Mapped "{[/error]}" onto public org.springframework.http.ResponseEntity<java.util.Map<java.lang.String, java.lang.Object>> org.springframework.boot.autoconfigure.web.servlet.error.BasicErrorController.error(javax.servlet.http.HttpServletRequest) - txEpd= txRef= cmRef= nodeRef= usrTx= rhsRef= commerce= country= 
2019-02-28 10:28:58 INFO - Mapped "{[/error],produces=[text/html]}" onto public org.springframework.web.servlet.ModelAndView org.springframework.boot.autoconfigure.web.servlet.error.BasicErrorController.errorHtml(javax.servlet.http.HttpServletRequest,javax.servlet.http.HttpServletResponse) - txEpd= txRef= cmRef= nodeRef= usrTx= rhsRef= commerce= country= 
2019-02-28 10:28:58 INFO - Mapped URL path [/v2/api-docs] onto method [public org.springframework.http.ResponseEntity<springfox.documentation.spring.web.json.Json> springfox.documentation.swagger2.web.Swagger2Controller.getDocumentation(java.lang.String,javax.servlet.http.HttpServletRequest)] - txEpd= txRef= cmRef= nodeRef= usrTx= rhsRef= commerce= country= 
2019-02-28 10:28:59 INFO - Mapped URL path [/**/favicon.ico] onto handler of type [class org.springframework.web.servlet.resource.ResourceHttpRequestHandler] - txEpd= txRef= cmRef= nodeRef= usrTx= rhsRef= commerce= country= 
2019-02-28 10:28:59 INFO - Looking for @ControllerAdvice: org.springframework.web.context.support.GenericWebApplicationContext@75f3b449: startup date [Thu Feb 28 10:28:48 CLST 2019]; root of context hierarchy - txEpd= txRef= cmRef= nodeRef= usrTx= rhsRef= commerce= country= 
2019-02-28 10:28:59 INFO - Mapped URL path [/webjars/**] onto handler of type [class org.springframework.web.servlet.resource.ResourceHttpRequestHandler] - txEpd= txRef= cmRef= nodeRef= usrTx= rhsRef= commerce= country= 
2019-02-28 10:28:59 INFO - Mapped URL path [/**] onto handler of type [class org.springframework.web.servlet.resource.ResourceHttpRequestHandler] - txEpd= txRef= cmRef= nodeRef= usrTx= rhsRef= commerce= country= 
2019-02-28 10:29:00 INFO - Starting beans in phase 2147483647 - txEpd= txRef= cmRef= nodeRef= usrTx= rhsRef= commerce= country= 
2019-02-28 10:29:00 INFO - Context refreshed - txEpd= txRef= cmRef= nodeRef= usrTx= rhsRef= commerce= country= 
2019-02-28 10:29:00 INFO - Found 1 custom documentation plugin(s) - txEpd= txRef= cmRef= nodeRef= usrTx= rhsRef= commerce= country= 
2019-02-28 10:29:00 INFO - Scanning for api listing references - txEpd= txRef= cmRef= nodeRef= usrTx= rhsRef= commerce= country= 
2019-02-28 10:29:00 INFO - Started MrexPrcnPriceCatalogCmdApplicationTests in 13.696 seconds (JVM running for 17.384) - txEpd= txRef= cmRef= nodeRef= usrTx= rhsRef= commerce= country= 
2019-02-28 10:29:01 INFO - Closing org.springframework.web.context.support.GenericWebApplicationContext@75f3b449: startup date [Thu Feb 28 10:28:48 CLST 2019]; root of context hierarchy - txEpd= txRef= cmRef= nodeRef= usrTx= rhsRef= commerce= country= 
2019-02-28 10:29:01 INFO - Stopping beans in phase 2147483647 - txEpd= txRef= cmRef= nodeRef= usrTx= rhsRef= commerce= country= 
